-------------------------------------------------------------------------------
Test set: auca.sunday.LifecycleDemoTest
-------------------------------------------------------------------------------
Tests run: 3, Failures: 1, Errors: 0, Skipped: 0, Time elapsed: 0.071 s <<< FAILURE! - in auca.sunday.LifecycleDemoTest
testMethodThreeFailing(auca.sunday.LifecycleDemoTest)  Time elapsed: 0.009 s  <<< FAILURE!
java.lang.AssertionError: Crashing this test to prove @After still runs!
	at auca.sunday.LifecycleDemoTest.testMethodThreeFailing(LifecycleDemoTest.java:35)

