<?xml version="1.0" encoding="UTF-8"?>
<testsuite xmlns:xsi="http://www.w3.org/2001/XMLSchema-instance" xsi:noNamespaceSchemaLocation="https://maven.apache.org/surefire/maven-surefire-plugin/xsd/surefire-test-report.xsd" name="auca.sunday.LifecycleDemoTest" time="0.071" tests="3" errors="0" skipped="0" failures="1">
  <properties>
[...]
</properties>
  <testcase name="testMethodOne" classname="auca.sunday.LifecycleDemoTest" time="0.004"/>
  <testcase name="testMethodTwo" classname="auca.sunday.LifecycleDemoTest" time="0"/>
  <testcase name="testMethodThreeFailing" classname="auca.sunday.LifecycleDemoTest" time="0.009">
    <failure message="Crashing this test to prove @After still runs!" type="java.lang.AssertionError">java.lang.AssertionError: Crashing this test to prove @After still runs!
	at auca.sunday.LifecycleDemoTest.testMethodThreeFailing(LifecycleDemoTest.java:35)
</failure>
    <system-out><![CDATA[>> Before
>> Test 3 (Intentionally Failing)
>> After
]]></system-out>
  </testcase>
</testsuite>